<?xml version="1.0" encoding="UTF-8"?>
<!-- Generated by org.testng.reporters.JUnitXMLReporter -->
<testsuite ignored="0" hostname="DESKTOP-AT7NDDC" failures="0" tests="2" name="Amazon Tests" time="41.635" errors="0" timestamp="2026-03-04T19:17:19 IST">
  <testcase classname="io.cucumber.testng.AbstractTestNGCucumberTests" name="runScenario" time="30.916"/>
  <testcase classname="io.cucumber.testng.AbstractTestNGCucumberTests" name="runScenario" time="9.603"/>
</testsuite> <!-- Amazon Tests -->
