<?xml version="1.0" encoding="UTF-8"?>
<testng-results ignored="0" total="2" passed="2" failed="0" skipped="0">
  <reporter-output>
  </reporter-output>
  <suite started-at="2026-03-04T19:26:51 IST" name="Default suite" finished-at="2026-03-04T19:27:13 IST" duration-ms="22858">
    <groups>
      <group name="cucumber">
        <method signature="AbstractTestNGCucumberTests.runScenario(io.cucumber.testng.PickleWrapper,io.cucumber.testng.FeatureWrapper)[pri:0, instance:com.framework.runner.TestRunner@7bedc48a]" name="runScenario" class="io.cucumber.testng.AbstractTestNGCucumberTests"/>
      </group> <!-- cucumber -->
    </groups>
    <test started-at="2026-03-04T19:26:51 IST" name="Default test" finished-at="2026-03-04T19:27:13 IST" duration-ms="22858">
      <class name="com.framework.runner.TestRunner">
        <test-method is-config="true" signature="setUpClass(org.testng.ITestContext)[pri:0, instance:com.framework.runner.TestRunner@7bedc48a]" started-at="2026-03-04T19:26:51 IST" name="setUpClass" finished-at="2026-03-04T19:26:52 IST" duration-ms="939" status="PASS">
          <params>
            <param index="0">
              <value>
                <![CDATA[org.testng.TestRunner@164d01ba]]>
              </value>
            </param>
          </params>
          <reporter-output>
          </reporter-output>
        </test-method> <!-- setUpClass -->
        <test-method signature="runScenario(io.cucumber.testng.PickleWrapper,io.cucumber.testng.FeatureWrapper)[pri:0, instance:com.framework.runner.TestRunner@7bedc48a]" started-at="2026-03-04T19:26:52 IST" name="runScenario" description="Runs Cucumber Scenarios" data-provider="scenarios" finished-at="2026-03-04T19:27:06 IST" duration-ms="13914" status="PASS">
          <params>
            <param index="0">
              <value>
                <![CDATA["User searches for iPad"]]>
              </value>
            </param>
            <param index="1">
              <value>
                <![CDATA["Amazon Login"]]>
              </value>
            </param>
          </params>
          <reporter-output>
          </reporter-output>
        </test-method> <!-- runScenario -->
        <test-method signature="runScenario(io.cucumber.testng.PickleWrapper,io.cucumber.testng.FeatureWrapper)[pri:0, instance:com.framework.runner.TestRunner@7bedc48a]" started-at="2026-03-04T19:27:06 IST" name="runScenario" description="Runs Cucumber Scenarios" data-provider="scenarios" finished-at="2026-03-04T19:27:13 IST" duration-ms="7889" status="PASS">
          <params>
            <param index="0">
              <value>
                <![CDATA["Amazon logo is showing"]]>
              </value>
            </param>
            <param index="1">
              <value>
                <![CDATA["Amazon Login"]]>
              </value>
            </param>
          </params>
          <reporter-output>
          </reporter-output>
        </test-method> <!-- runScenario -->
        <test-method is-config="true" signature="tearDownClass()[pri:0, instance:com.framework.runner.TestRunner@7bedc48a]" started-at="2026-03-04T19:27:13 IST" name="tearDownClass" finished-at="2026-03-04T19:27:13 IST" duration-ms="44" status="PASS">
          <reporter-output>
          </reporter-output>
        </test-method> <!-- tearDownClass -->
      </class> <!-- com.framework.runner.TestRunner -->
    </test> <!-- Default test -->
  </suite> <!-- Default suite -->
</testng-results>
