<?xml version="1.0" encoding="UTF-8"?>
<!-- Generated by org.testng.reporters.JUnitReportReporter -->
<testsuite hostname="DESKTOP-AT7NDDC" failures="0" tests="2" name="com.framework.runner.TestRunner" time="21.803" errors="0" timestamp="2026-03-04T19:27:14 IST" skipped="0">
  <testcase classname="com.framework.runner.TestRunner" name="runScenario" time="7.889"/>
  <testcase classname="com.framework.runner.TestRunner" name="runScenario" time="13.914"/>
</testsuite> <!-- com.framework.runner.TestRunner -->
